This is pdfTeX, Version 3.141592653-2.6-1.40.22 (TeX Live 2021) (preloaded format=pdflatex 2022.3.6)  13 MAR 2022 16:17
entering extended mode
 restricted \write18 enabled.
 %&-line parsing enabled.
**/home/Balder/Documents/Skole/Gym/SRP/latex/SRP.tex
(/home/Balder/Documents/Skole/Gym/SRP/latex/SRP.tex
LaTeX2e <2020-10-01> patch level 4
L3 programming layer <2021-05-07>

! LaTeX Error: File `backend/setup.tex' not found.

Type X to quit or <RETURN> to proceed,
or enter new name. (Default extension: tex)

Enter file name: 
! Emergency stop.
<read *> 
         
l.1 \input{backend/setup.tex}
                             ^^M
End of file on the terminal!

 
Here is how much of TeX's memory you used:
 20 strings out of 480806
 548 string characters out of 5905152
 281494 words of memory out of 6000000
 17499 multiletter control sequences out of 15000+600000
 403430 words of font info for 27 fonts, out of 8000000 for 9000
 14 hyphenation exceptions out of 8191
 16i,0n,24p,110b,14s stack positions out of 5000i,500n,10000p,200000b,80000s
!  ==> Fatal error occurred, no output PDF file produced!
